<?xml version="1.0" encoding="UTF-8"?>
<!-- Generated by org.testng.reporters.JUnitReportReporter -->
<testsuite hostname="vivobook-asuslaptop-x512flc-x512fl" failures="0" tests="7" name="Dataportal.MRI_Viewer.ActionsTest" time="52.040" errors="0" timestamp="2024-01-10T14:16:09 IST" skipped="0">
  <testcase classname="Dataportal.MRI_Viewer.ActionsTest" name="launch" time="10.952"/>
  <system-out/>
  <testcase classname="Dataportal.MRI_Viewer.ActionsTest" name="analytics" time="30.163"/>
  <system-out/>
  <testcase classname="Dataportal.MRI_Viewer.ActionsTest" name="cell_api" time="2.914"/>
  <system-out/>
  <testcase classname="Dataportal.MRI_Viewer.ActionsTest" name="Brains_api" time="0.304"/>
  <system-out/>
  <testcase classname="Dataportal.MRI_Viewer.ActionsTest" name="Maskimage_api" time="0.146"/>
  <system-out/>
  <testcase classname="Dataportal.MRI_Viewer.ActionsTest" name="MRI_api" time="0.221"/>
  <system-out/>
  <testcase classname="Dataportal.MRI_Viewer.ActionsTest" name="Public_sections_api" time="7.340"/>
  <system-out/>
</testsuite> <!-- Dataportal.MRI_Viewer.ActionsTest -->
