<?xml version="1.0" encoding="UTF-8"?>
<!-- Generated by org.testng.reporters.JUnitReportReporter -->
<testsuite hostname="vivobook-asuslaptop-x512flc-x512fl" failures="0" tests="6" name="Dataportal.MRI_Viewer.ActionsTest" time="46.179" errors="0" timestamp="2024-01-10T13:00:55 IST" skipped="0">
  <testcase classname="Dataportal.MRI_Viewer.ActionsTest" name="launch" time="2.968"/>
  <system-out/>
  <testcase classname="Dataportal.MRI_Viewer.ActionsTest" name="analytics_Cells" time="35.210"/>
  <system-out/>
  <testcase classname="Dataportal.MRI_Viewer.ActionsTest" name="Brains_api" time="0.187"/>
  <system-out/>
  <testcase classname="Dataportal.MRI_Viewer.ActionsTest" name="Maskimage_api" time="0.748"/>
  <system-out/>
  <testcase classname="Dataportal.MRI_Viewer.ActionsTest" name="MRI_api" time="0.188"/>
  <system-out/>
  <testcase classname="Dataportal.MRI_Viewer.ActionsTest" name="Public_sections_api" time="6.878"/>
  <system-out/>
</testsuite> <!-- Dataportal.MRI_Viewer.ActionsTest -->
