<?xml version="1.0" encoding="UTF-8"?>
<!-- Generated by org.testng.reporters.JUnitReportReporter -->
<testsuite hostname="vivobook-asuslaptop-x512flc-x512fl" failures="0" tests="7" name="Dataportal.MRI_Viewer.ActionsTest" time="41.846" errors="0" timestamp="2024-01-10T12:44:03 IST" skipped="0">
  <testcase classname="Dataportal.MRI_Viewer.ActionsTest" name="launch" time="1.939"/>
  <system-out/>
  <testcase classname="Dataportal.MRI_Viewer.ActionsTest" name="analytics" time="29.890"/>
  <system-out/>
  <testcase classname="Dataportal.MRI_Viewer.ActionsTest" name="cell_api" time="2.064"/>
  <system-out/>
  <testcase classname="Dataportal.MRI_Viewer.ActionsTest" name="Brains_api" time="0.197"/>
  <system-out/>
  <testcase classname="Dataportal.MRI_Viewer.ActionsTest" name="Maskimage_api" time="0.146"/>
  <system-out/>
  <testcase classname="Dataportal.MRI_Viewer.ActionsTest" name="MRI_api" time="0.137"/>
  <system-out/>
  <testcase classname="Dataportal.MRI_Viewer.ActionsTest" name="Public_sections_api" time="7.473"/>
  <system-out/>
</testsuite> <!-- Dataportal.MRI_Viewer.ActionsTest -->
