<?xml version="1.0" encoding="UTF-8"?>
<!-- Generated by org.testng.reporters.JUnitReportReporter -->
<testsuite hostname="vivobook-asuslaptop-x512flc-x512fl" failures="0" tests="2" name="Dataportal.MRI_Viewer.ActionsTest" time="41.813" errors="0" timestamp="2024-01-10T12:23:11 IST" skipped="0">
  <testcase classname="Dataportal.MRI_Viewer.ActionsTest" name="launch" time="33.894"/>
  <system-out/>
  <testcase classname="Dataportal.MRI_Viewer.ActionsTest" name="Apis" time="7.919"/>
  <system-out/>
</testsuite> <!-- Dataportal.MRI_Viewer.ActionsTest -->
